Added Component: Designator=U1(3-Pin Header)
Added Component: Designator=U2(3-Pin Header)
Added Component: Designator=U3(TPS3702)
Added Pin To Net: NetName=+5 Pin=U2-2
Added Pin To Net: NetName=+5 Pin=U3-5
Added Net: Name=+5
Added Pin To Net: NetName=GND Pin=U1-2
Added Pin To Net: NetName=GND Pin=U3-2
Added Net: Name=GND
Added Pin To Net: NetName=OV Pin=U2-3
Added Pin To Net: NetName=OV Pin=U3-6
Added Net: Name=OV
Added Pin To Net: NetName=SENSE Pin=U1-3
Added Pin To Net: NetName=SENSE Pin=U3-3
Added Net: Name=SENSE
Added Pin To Net: NetName=SET Pin=U2-1
Added Pin To Net: NetName=SET Pin=U3-4
Added Net: Name=SET
Added Pin To Net: NetName=UV Pin=U1-1
Added Pin To Net: NetName=UV Pin=U3-1
Added Net: Name=UV
Added Class: Name=TPS3702_Breakout
Added Room: Name=TPS3702_Breakout
